Terminais sem uso na gramática

    ABRE_COLCHETES
    ABRE_CHAVES
    FECHA_CHAVES
    LABEL
    TYPE
    ARRAY
    OF
    NOT


Estado 20 conflitos: 2 de deslocamento/redução
Estado 25 conflitos: 3 de deslocamento/redução, 2 de redução/redução


Gramática

    0 $accept: programa $end

    1 $@1: %empty

    2 $@2: %empty

    3 programa: $@1 PROGRAM IDENT $@2 ABRE_PARENTESES lista_idents FECHA_PARENTESES PONTO_E_VIRGULA bloco PONTO

    4 $@3: %empty

    5 bloco: parte_declara_vars $@3 subrots comando_composto

    6 parte_declara_vars: var

    7 $@4: %empty

    8 var: VAR $@4 declara_vars
    9    | %empty

   10 $@5: %empty

   11 declara_vars: declara_vars $@5 declara_var

   12 $@6: %empty

   13 declara_vars: $@6 declara_var

   14 $@7: %empty

   15 declara_var: lista_id_var DOIS_PONTOS tipo $@7 PONTO_E_VIRGULA

   16 tipo: INTEGER
   17     | BOOLEAN

   18 lista_id_var: lista_id_var VIRGULA variaveis
   19             | variaveis

   20 variaveis: IDENT
   21          | VAR IDENT

   22 lista_idents: lista_idents VIRGULA IDENT
   23             | IDENT

   24 subrots: subrots subrotinas
   25        | subrotinas

   26 subrotinas: dec_proced
   27           | dec_func
   28           | %empty

   29 dec_proced: PROCEDURE dec_proced_pre PONTO_E_VIRGULA dec_proced_pos

   30 $@8: %empty

   31 dec_proced_pre: IDENT $@8 parametros_formais

   32 parametros_formais: ABRE_PARENTESES declara_param_formais_list FECHA_PARENTESES
   33                   | %empty

   34 $@9: %empty

   35 declara_param_formais_list: declara_param_formais_list VIRGULA $@9 declara_param_formais

   36 $@10: %empty

   37 declara_param_formais_list: declara_param_formais_list PONTO_E_VIRGULA $@10 declara_param_formais

   38 $@11: %empty

   39 declara_param_formais_list: $@11 declara_param_formais

   40 declara_param_formais: lista_id_var DOIS_PONTOS tipo

   41 $@12: %empty

   42 dec_proced_pos: bloco $@12 PONTO_E_VIRGULA

   43 $@13: %empty

   44 dec_func: FUNCTION dec_proced_pre DOIS_PONTOS def_tipo_func PONTO_E_VIRGULA $@13 dec_proced_pos

   45 def_tipo_func: INTEGER
   46              | BOOLEAN

   47 $@14: %empty

   48 comando_composto: T_BEGIN $@14 lista_comands T_END
   49                 | %empty

   50 lista_comands: lista_comands PONTO_E_VIRGULA comandos
   51              | comandos

   52 comandos: comando_srotulo

   53 comando_srotulo: leitura_identificadores
   54                | comando_composto
   55                | comando_repeticao
   56                | leitura_escrita
   57                | condicional_if

   58 $@15: %empty

   59 leitura_identificadores: IDENT $@15 atribuicao_execucao

   60 atribuicao_execucao: atribuicao_simples
   61                    | executa

   62 executa: leitura_vars_procedimento

   63 atribuicao_simples: ATRIBUICAO expressao

   64 params_procedimento: params_procedimento VIRGULA testagem
   65                    | testagem

   66 $@16: %empty

   67 testagem: $@16 expressao

   68 expressao: operacao MAIOR operacao
   69          | operacao MAIOR_IGUAL operacao
   70          | operacao MENOR operacao
   71          | operacao MENOR_IGUAL operacao
   72          | operacao IGUAL operacao
   73          | operacao DIFERENTE operacao
   74          | operacao

   75 operacao: operacao SOMA termo
   76         | operacao SUBTRACAO termo
   77         | operacao OR termo
   78         | termo

   79 termo: termo MULTIPLICACAO pre_fator
   80      | termo DIVISAO pre_fator
   81      | termo AND pre_fator
   82      | pre_fator

   83 $@17: %empty

   84 pre_fator: $@17 fator

   85 fator: leitura_variaveis
   86      | NUMBER
   87      | TRUE
   88      | FALSE
   89      | ABRE_PARENTESES expressao FECHA_PARENTESES

   90 $@18: %empty

   91 leitura_variaveis: IDENT $@18 eh_funcao

   92 $@19: %empty

   93 eh_funcao: ABRE_PARENTESES $@19 declara_func
   94          | %empty

   95 declara_func: FECHA_PARENTESES
   96             | declara_params_funcao FECHA_PARENTESES

   97 $@20: %empty

   98 declara_params_funcao: $@20 leitura_vars_funcao

   99 $@21: %empty

  100 leitura_vars_funcao: $@21 parametros_da_funcao

  101 parametros_da_funcao: parametros_da_funcao VIRGULA parametro_da_funcao
  102                     | parametro_da_funcao

  103 $@22: %empty

  104 parametro_da_funcao: $@22 expressao

  105 leitura_vars_procedimento: ABRE_PARENTESES FECHA_COLCHETES

  106 $@23: %empty

  107 leitura_vars_procedimento: ABRE_PARENTESES $@23 params_procedimento FECHA_PARENTESES
  108                          | %empty

  109 $@24: %empty

  110 $@25: %empty

  111 comando_repeticao: WHILE $@24 expressao $@25 DO comando_srotulo

  112 leitura_escrita: READ ABRE_PARENTESES lista_parametros_leitura FECHA_PARENTESES
  113                | WRITE ABRE_PARENTESES lista_parametros_escrita FECHA_PARENTESES

  114 lista_parametros_leitura: lista_parametros_leitura VIRGULA leitor_parametros
  115                         | leitor_parametros

  116 leitor_parametros: IDENT

  117 lista_parametros_escrita: lista_parametros_escrita VIRGULA escritor_parametros
  118                         | escritor_parametros

  119 escritor_parametros: leitor_variaveis_escrita
  120                    | NUMBER

  121 $@26: %empty

  122 leitor_variaveis_escrita: IDENT $@26 eh_funcao

  123 $@27: %empty

  124 pre_if: IF expressao $@27 THEN comando_srotulo

  125 condicional_if: pre_if

  126 $@28: %empty

  127 condicional_if: pre_if ELSE $@28 comando_srotulo


Terminais, com as regras onde eles aparecem

    $end (0) 0
    error (256)
    PROGRAM (258) 3
    ABRE_PARENTESES (259) 3 32 89 93 105 107 112 113
    FECHA_PARENTESES (260) 3 32 89 95 96 107 112 113
    VIRGULA (261) 18 22 35 64 101 114 117
    PONTO_E_VIRGULA (262) 3 15 29 37 42 44 50
    DOIS_PONTOS (263) 15 40 44
    PONTO (264) 3
    T_BEGIN (265) 48
    T_END (266) 48
    VAR (267) 8 21
    IDENT (268) 3 20 21 22 23 31 59 91 116 122
    ATRIBUICAO (269) 63
    ABRE_COLCHETES (270)
    FECHA_COLCHETES (271) 105
    ABRE_CHAVES (272)
    FECHA_CHAVES (273)
    MAIOR (274) 68
    MAIOR_IGUAL (275) 69
    MENOR (276) 70
    MENOR_IGUAL (277) 71
    IGUAL (278) 72
    DIFERENTE (279) 73
    SOMA (280) 75
    SUBTRACAO (281) 76
    MULTIPLICACAO (282) 79
    DIVISAO (283) 80
    AND (284) 81
    OR (285) 77
    LABEL (286)
    TYPE (287)
    ARRAY (288)
    OF (289)
    PROCEDURE (290) 29
    FUNCTION (291) 44
    IF (292) 124
    ELSE (293) 127
    WHILE (294) 111
    DO (295) 111
    NOT (296)
    THEN (297) 124
    INTEGER (298) 16 45
    BOOLEAN (299) 17 46
    NUMBER (300) 86 120
    TRUE (301) 87
    FALSE (302) 88
    READ (303) 112
    WRITE (304) 113
    LOWER_THAN_ELSE (305)


Não terminais com as regras onde eles aparecem

    $accept (51)
        à esquerda: 0
    programa (52)
        à esquerda: 3
        à direita: 0
    $@1 (53)
        à esquerda: 1
        à direita: 3
    $@2 (54)
        à esquerda: 2
        à direita: 3
    bloco (55)
        à esquerda: 5
        à direita: 3 42
    $@3 (56)
        à esquerda: 4
        à direita: 5
    parte_declara_vars (57)
        à esquerda: 6
        à direita: 5
    var (58)
        à esquerda: 8 9
        à direita: 6
    $@4 (59)
        à esquerda: 7
        à direita: 8
    declara_vars (60)
        à esquerda: 11 13
        à direita: 8 11
    $@5 (61)
        à esquerda: 10
        à direita: 11
    $@6 (62)
        à esquerda: 12
        à direita: 13
    declara_var (63)
        à esquerda: 15
        à direita: 11 13
    $@7 (64)
        à esquerda: 14
        à direita: 15
    tipo (65)
        à esquerda: 16 17
        à direita: 15 40
    lista_id_var (66)
        à esquerda: 18 19
        à direita: 15 18 40
    variaveis (67)
        à esquerda: 20 21
        à direita: 18 19
    lista_idents (68)
        à esquerda: 22 23
        à direita: 3 22
    subrots (69)
        à esquerda: 24 25
        à direita: 5 24
    subrotinas (70)
        à esquerda: 26 27 28
        à direita: 24 25
    dec_proced (71)
        à esquerda: 29
        à direita: 26
    dec_proced_pre (72)
        à esquerda: 31
        à direita: 29 44
    $@8 (73)
        à esquerda: 30
        à direita: 31
    parametros_formais (74)
        à esquerda: 32 33
        à direita: 31
    declara_param_formais_list (75)
        à esquerda: 35 37 39
        à direita: 32 35 37
    $@9 (76)
        à esquerda: 34
        à direita: 35
    $@10 (77)
        à esquerda: 36
        à direita: 37
    $@11 (78)
        à esquerda: 38
        à direita: 39
    declara_param_formais (79)
        à esquerda: 40
        à direita: 35 37 39
    dec_proced_pos (80)
        à esquerda: 42
        à direita: 29 44
    $@12 (81)
        à esquerda: 41
        à direita: 42
    dec_func (82)
        à esquerda: 44
        à direita: 27
    $@13 (83)
        à esquerda: 43
        à direita: 44
    def_tipo_func (84)
        à esquerda: 45 46
        à direita: 44
    comando_composto (85)
        à esquerda: 48 49
        à direita: 5 54
    $@14 (86)
        à esquerda: 47
        à direita: 48
    lista_comands (87)
        à esquerda: 50 51
        à direita: 48 50
    comandos (88)
        à esquerda: 52
        à direita: 50 51
    comando_srotulo (89)
        à esquerda: 53 54 55 56 57
        à direita: 52 111 124 127
    leitura_identificadores (90)
        à esquerda: 59
        à direita: 53
    $@15 (91)
        à esquerda: 58
        à direita: 59
    atribuicao_execucao (92)
        à esquerda: 60 61
        à direita: 59
    executa (93)
        à esquerda: 62
        à direita: 61
    atribuicao_simples (94)
        à esquerda: 63
        à direita: 60
    params_procedimento (95)
        à esquerda: 64 65
        à direita: 64 107
    testagem (96)
        à esquerda: 67
        à direita: 64 65
    $@16 (97)
        à esquerda: 66
        à direita: 67
    expressao (98)
        à esquerda: 68 69 70 71 72 73 74
        à direita: 63 67 89 104 111 124
    operacao (99)
        à esquerda: 75 76 77 78
        à direita: 68 69 70 71 72 73 74 75 76 77
    termo (100)
        à esquerda: 79 80 81 82
        à direita: 75 76 77 78 79 80 81
    pre_fator (101)
        à esquerda: 84
        à direita: 79 80 81 82
    $@17 (102)
        à esquerda: 83
        à direita: 84
    fator (103)
        à esquerda: 85 86 87 88 89
        à direita: 84
    leitura_variaveis (104)
        à esquerda: 91
        à direita: 85
    $@18 (105)
        à esquerda: 90
        à direita: 91
    eh_funcao (106)
        à esquerda: 93 94
        à direita: 91 122
    $@19 (107)
        à esquerda: 92
        à direita: 93
    declara_func (108)
        à esquerda: 95 96
        à direita: 93
    declara_params_funcao (109)
        à esquerda: 98
        à direita: 96
    $@20 (110)
        à esquerda: 97
        à direita: 98
    leitura_vars_funcao (111)
        à esquerda: 100
        à direita: 98
    $@21 (112)
        à esquerda: 99
        à direita: 100
    parametros_da_funcao (113)
        à esquerda: 101 102
        à direita: 100 101
    parametro_da_funcao (114)
        à esquerda: 104
        à direita: 101 102
    $@22 (115)
        à esquerda: 103
        à direita: 104
    leitura_vars_procedimento (116)
        à esquerda: 105 107 108
        à direita: 62
    $@23 (117)
        à esquerda: 106
        à direita: 107
    comando_repeticao (118)
        à esquerda: 111
        à direita: 55
    $@24 (119)
        à esquerda: 109
        à direita: 111
    $@25 (120)
        à esquerda: 110
        à direita: 111
    leitura_escrita (121)
        à esquerda: 112 113
        à direita: 56
    lista_parametros_leitura (122)
        à esquerda: 114 115
        à direita: 112 114
    leitor_parametros (123)
        à esquerda: 116
        à direita: 114 115
    lista_parametros_escrita (124)
        à esquerda: 117 118
        à direita: 113 117
    escritor_parametros (125)
        à esquerda: 119 120
        à direita: 117 118
    leitor_variaveis_escrita (126)
        à esquerda: 122
        à direita: 119
    $@26 (127)
        à esquerda: 121
        à direita: 122
    pre_if (128)
        à esquerda: 124
        à direita: 125 127
    $@27 (129)
        à esquerda: 123
        à direita: 124
    condicional_if (130)
        à esquerda: 125 127
        à direita: 57
    $@28 (131)
        à esquerda: 126
        à direita: 127


Estado 0

    0 $accept: . programa $end

    $padrão  reduzir usando a regra 1 ($@1)

    programa  ir ao estado 1
    $@1       ir ao estado 2


Estado 1

    0 $accept: programa . $end

    $end  deslocar, e ir ao estado 3


Estado 2

    3 programa: $@1 . PROGRAM IDENT $@2 ABRE_PARENTESES lista_idents FECHA_PARENTESES PONTO_E_VIRGULA bloco PONTO

    PROGRAM  deslocar, e ir ao estado 4


Estado 3

    0 $accept: programa $end .

    $padrão  aceitar


Estado 4

    3 programa: $@1 PROGRAM . IDENT $@2 ABRE_PARENTESES lista_idents FECHA_PARENTESES PONTO_E_VIRGULA bloco PONTO

    IDENT  deslocar, e ir ao estado 5


Estado 5

    3 programa: $@1 PROGRAM IDENT . $@2 ABRE_PARENTESES lista_idents FECHA_PARENTESES PONTO_E_VIRGULA bloco PONTO

    $padrão  reduzir usando a regra 2 ($@2)

    $@2  ir ao estado 6


Estado 6

    3 programa: $@1 PROGRAM IDENT $@2 . ABRE_PARENTESES lista_idents FECHA_PARENTESES PONTO_E_VIRGULA bloco PONTO

    ABRE_PARENTESES  deslocar, e ir ao estado 7


Estado 7

    3 programa: $@1 PROGRAM IDENT $@2 ABRE_PARENTESES . lista_idents FECHA_PARENTESES PONTO_E_VIRGULA bloco PONTO

    IDENT  deslocar, e ir ao estado 8

    lista_idents  ir ao estado 9


Estado 8

   23 lista_idents: IDENT .

    $padrão  reduzir usando a regra 23 (lista_idents)


Estado 9

    3 programa: $@1 PROGRAM IDENT $@2 ABRE_PARENTESES lista_idents . FECHA_PARENTESES PONTO_E_VIRGULA bloco PONTO
   22 lista_idents: lista_idents . VIRGULA IDENT

    FECHA_PARENTESES  deslocar, e ir ao estado 10
    VIRGULA           deslocar, e ir ao estado 11


Estado 10

    3 programa: $@1 PROGRAM IDENT $@2 ABRE_PARENTESES lista_idents FECHA_PARENTESES . PONTO_E_VIRGULA bloco PONTO

    PONTO_E_VIRGULA  deslocar, e ir ao estado 12


Estado 11

   22 lista_idents: lista_idents VIRGULA . IDENT

    IDENT  deslocar, e ir ao estado 13


Estado 12

    3 programa: $@1 PROGRAM IDENT $@2 ABRE_PARENTESES lista_idents FECHA_PARENTESES PONTO_E_VIRGULA . bloco PONTO

    VAR  deslocar, e ir ao estado 14

    $padrão  reduzir usando a regra 9 (var)

    bloco               ir ao estado 15
    parte_declara_vars  ir ao estado 16
    var                 ir ao estado 17


Estado 13

   22 lista_idents: lista_idents VIRGULA IDENT .

    $padrão  reduzir usando a regra 22 (lista_idents)


Estado 14

    8 var: VAR . $@4 declara_vars

    $padrão  reduzir usando a regra 7 ($@4)

    $@4  ir ao estado 18


Estado 15

    3 programa: $@1 PROGRAM IDENT $@2 ABRE_PARENTESES lista_idents FECHA_PARENTESES PONTO_E_VIRGULA bloco . PONTO

    PONTO  deslocar, e ir ao estado 19


Estado 16

    5 bloco: parte_declara_vars . $@3 subrots comando_composto

    $padrão  reduzir usando a regra 4 ($@3)

    $@3  ir ao estado 20


Estado 17

    6 parte_declara_vars: var .

    $padrão  reduzir usando a regra 6 (parte_declara_vars)


Estado 18

    8 var: VAR $@4 . declara_vars

    $padrão  reduzir usando a regra 12 ($@6)

    declara_vars  ir ao estado 21
    $@6           ir ao estado 22


Estado 19

    3 programa: $@1 PROGRAM IDENT $@2 ABRE_PARENTESES lista_idents FECHA_PARENTESES PONTO_E_VIRGULA bloco PONTO .

    $padrão  reduzir usando a regra 3 (programa)


Estado 20

    5 bloco: parte_declara_vars $@3 . subrots comando_composto

    PROCEDURE  deslocar, e ir ao estado 23
    FUNCTION   deslocar, e ir ao estado 24

    PROCEDURE  [reduzir usando a regra 28 (subrotinas)]
    FUNCTION   [reduzir usando a regra 28 (subrotinas)]
    $padrão   reduzir usando a regra 28 (subrotinas)

    subrots     ir ao estado 25
    subrotinas  ir ao estado 26
    dec_proced  ir ao estado 27
    dec_func    ir ao estado 28


Estado 21

    8 var: VAR $@4 declara_vars .
   11 declara_vars: declara_vars . $@5 declara_var

    VAR       reduzir usando a regra 10 ($@5)
    IDENT     reduzir usando a regra 10 ($@5)
    $padrão  reduzir usando a regra 8 (var)

    $@5  ir ao estado 29


Estado 22

   13 declara_vars: $@6 . declara_var

    VAR    deslocar, e ir ao estado 30
    IDENT  deslocar, e ir ao estado 31

    declara_var   ir ao estado 32
    lista_id_var  ir ao estado 33
    variaveis     ir ao estado 34


Estado 23

   29 dec_proced: PROCEDURE . dec_proced_pre PONTO_E_VIRGULA dec_proced_pos

    IDENT  deslocar, e ir ao estado 35

    dec_proced_pre  ir ao estado 36


Estado 24

   44 dec_func: FUNCTION . dec_proced_pre DOIS_PONTOS def_tipo_func PONTO_E_VIRGULA $@13 dec_proced_pos

    IDENT  deslocar, e ir ao estado 35

    dec_proced_pre  ir ao estado 37


Estado 25

    5 bloco: parte_declara_vars $@3 subrots . comando_composto
   24 subrots: subrots . subrotinas

    T_BEGIN    deslocar, e ir ao estado 38
    PROCEDURE  deslocar, e ir ao estado 23
    FUNCTION   deslocar, e ir ao estado 24

    PONTO_E_VIRGULA  reduzir usando a regra 28 (subrotinas)
    PONTO_E_VIRGULA  [reduzir usando a regra 49 (comando_composto)]
    PONTO            reduzir usando a regra 28 (subrotinas)
    PONTO            [reduzir usando a regra 49 (comando_composto)]
    T_BEGIN          [reduzir usando a regra 28 (subrotinas)]
    PROCEDURE        [reduzir usando a regra 28 (subrotinas)]
    FUNCTION         [reduzir usando a regra 28 (subrotinas)]
    $padrão         reduzir usando a regra 28 (subrotinas)

    subrotinas        ir ao estado 39
    dec_proced        ir ao estado 27
    dec_func          ir ao estado 28
    comando_composto  ir ao estado 40


Estado 26

   25 subrots: subrotinas .

    $padrão  reduzir usando a regra 25 (subrots)


Estado 27

   26 subrotinas: dec_proced .

    $padrão  reduzir usando a regra 26 (subrotinas)


Estado 28

   27 subrotinas: dec_func .

    $padrão  reduzir usando a regra 27 (subrotinas)


Estado 29

   11 declara_vars: declara_vars $@5 . declara_var

    VAR    deslocar, e ir ao estado 30
    IDENT  deslocar, e ir ao estado 31

    declara_var   ir ao estado 41
    lista_id_var  ir ao estado 33
    variaveis     ir ao estado 34


Estado 30

   21 variaveis: VAR . IDENT

    IDENT  deslocar, e ir ao estado 42


Estado 31

   20 variaveis: IDENT .

    $padrão  reduzir usando a regra 20 (variaveis)


Estado 32

   13 declara_vars: $@6 declara_var .

    $padrão  reduzir usando a regra 13 (declara_vars)


Estado 33

   15 declara_var: lista_id_var . DOIS_PONTOS tipo $@7 PONTO_E_VIRGULA
   18 lista_id_var: lista_id_var . VIRGULA variaveis

    VIRGULA      deslocar, e ir ao estado 43
    DOIS_PONTOS  deslocar, e ir ao estado 44


Estado 34

   19 lista_id_var: variaveis .

    $padrão  reduzir usando a regra 19 (lista_id_var)


Estado 35

   31 dec_proced_pre: IDENT . $@8 parametros_formais

    $padrão  reduzir usando a regra 30 ($@8)

    $@8  ir ao estado 45


Estado 36

   29 dec_proced: PROCEDURE dec_proced_pre . PONTO_E_VIRGULA dec_proced_pos

    PONTO_E_VIRGULA  deslocar, e ir ao estado 46


Estado 37

   44 dec_func: FUNCTION dec_proced_pre . DOIS_PONTOS def_tipo_func PONTO_E_VIRGULA $@13 dec_proced_pos

    DOIS_PONTOS  deslocar, e ir ao estado 47


Estado 38

   48 comando_composto: T_BEGIN . $@14 lista_comands T_END

    $padrão  reduzir usando a regra 47 ($@14)

    $@14  ir ao estado 48


Estado 39

   24 subrots: subrots subrotinas .

    $padrão  reduzir usando a regra 24 (subrots)


Estado 40

    5 bloco: parte_declara_vars $@3 subrots comando_composto .

    $padrão  reduzir usando a regra 5 (bloco)


Estado 41

   11 declara_vars: declara_vars $@5 declara_var .

    $padrão  reduzir usando a regra 11 (declara_vars)


Estado 42

   21 variaveis: VAR IDENT .

    $padrão  reduzir usando a regra 21 (variaveis)


Estado 43

   18 lista_id_var: lista_id_var VIRGULA . variaveis

    VAR    deslocar, e ir ao estado 30
    IDENT  deslocar, e ir ao estado 31

    variaveis  ir ao estado 49


Estado 44

   15 declara_var: lista_id_var DOIS_PONTOS . tipo $@7 PONTO_E_VIRGULA

    INTEGER  deslocar, e ir ao estado 50
    BOOLEAN  deslocar, e ir ao estado 51

    tipo  ir ao estado 52


Estado 45

   31 dec_proced_pre: IDENT $@8 . parametros_formais

    ABRE_PARENTESES  deslocar, e ir ao estado 53

    $padrão  reduzir usando a regra 33 (parametros_formais)

    parametros_formais  ir ao estado 54


Estado 46

   29 dec_proced: PROCEDURE dec_proced_pre PONTO_E_VIRGULA . dec_proced_pos

    VAR  deslocar, e ir ao estado 14

    $padrão  reduzir usando a regra 9 (var)

    bloco               ir ao estado 55
    parte_declara_vars  ir ao estado 16
    var                 ir ao estado 17
    dec_proced_pos      ir ao estado 56


Estado 47

   44 dec_func: FUNCTION dec_proced_pre DOIS_PONTOS . def_tipo_func PONTO_E_VIRGULA $@13 dec_proced_pos

    INTEGER  deslocar, e ir ao estado 57
    BOOLEAN  deslocar, e ir ao estado 58

    def_tipo_func  ir ao estado 59


Estado 48

   48 comando_composto: T_BEGIN $@14 . lista_comands T_END

    T_BEGIN  deslocar, e ir ao estado 38
    IDENT    deslocar, e ir ao estado 60
    IF       deslocar, e ir ao estado 61
    WHILE    deslocar, e ir ao estado 62
    READ     deslocar, e ir ao estado 63
    WRITE    deslocar, e ir ao estado 64

    $padrão  reduzir usando a regra 49 (comando_composto)

    comando_composto         ir ao estado 65
    lista_comands            ir ao estado 66
    comandos                 ir ao estado 67
    comando_srotulo          ir ao estado 68
    leitura_identificadores  ir ao estado 69
    comando_repeticao        ir ao estado 70
    leitura_escrita          ir ao estado 71
    pre_if                   ir ao estado 72
    condicional_if           ir ao estado 73


Estado 49

   18 lista_id_var: lista_id_var VIRGULA variaveis .

    $padrão  reduzir usando a regra 18 (lista_id_var)


Estado 50

   16 tipo: INTEGER .

    $padrão  reduzir usando a regra 16 (tipo)


Estado 51

   17 tipo: BOOLEAN .

    $padrão  reduzir usando a regra 17 (tipo)


Estado 52

   15 declara_var: lista_id_var DOIS_PONTOS tipo . $@7 PONTO_E_VIRGULA

    $padrão  reduzir usando a regra 14 ($@7)

    $@7  ir ao estado 74


Estado 53

   32 parametros_formais: ABRE_PARENTESES . declara_param_formais_list FECHA_PARENTESES

    $padrão  reduzir usando a regra 38 ($@11)

    declara_param_formais_list  ir ao estado 75
    $@11                        ir ao estado 76


Estado 54

   31 dec_proced_pre: IDENT $@8 parametros_formais .

    $padrão  reduzir usando a regra 31 (dec_proced_pre)


Estado 55

   42 dec_proced_pos: bloco . $@12 PONTO_E_VIRGULA

    $padrão  reduzir usando a regra 41 ($@12)

    $@12  ir ao estado 77


Estado 56

   29 dec_proced: PROCEDURE dec_proced_pre PONTO_E_VIRGULA dec_proced_pos .

    $padrão  reduzir usando a regra 29 (dec_proced)


Estado 57

   45 def_tipo_func: INTEGER .

    $padrão  reduzir usando a regra 45 (def_tipo_func)


Estado 58

   46 def_tipo_func: BOOLEAN .

    $padrão  reduzir usando a regra 46 (def_tipo_func)


Estado 59

   44 dec_func: FUNCTION dec_proced_pre DOIS_PONTOS def_tipo_func . PONTO_E_VIRGULA $@13 dec_proced_pos

    PONTO_E_VIRGULA  deslocar, e ir ao estado 78


Estado 60

   59 leitura_identificadores: IDENT . $@15 atribuicao_execucao

    $padrão  reduzir usando a regra 58 ($@15)

    $@15  ir ao estado 79


Estado 61

  124 pre_if: IF . expressao $@27 THEN comando_srotulo

    $padrão  reduzir usando a regra 83 ($@17)

    expressao  ir ao estado 80
    operacao   ir ao estado 81
    termo      ir ao estado 82
    pre_fator  ir ao estado 83
    $@17       ir ao estado 84


Estado 62

  111 comando_repeticao: WHILE . $@24 expressao $@25 DO comando_srotulo

    $padrão  reduzir usando a regra 109 ($@24)

    $@24  ir ao estado 85


Estado 63

  112 leitura_escrita: READ . ABRE_PARENTESES lista_parametros_leitura FECHA_PARENTESES

    ABRE_PARENTESES  deslocar, e ir ao estado 86


Estado 64

  113 leitura_escrita: WRITE . ABRE_PARENTESES lista_parametros_escrita FECHA_PARENTESES

    ABRE_PARENTESES  deslocar, e ir ao estado 87


Estado 65

   54 comando_srotulo: comando_composto .

    $padrão  reduzir usando a regra 54 (comando_srotulo)


Estado 66

   48 comando_composto: T_BEGIN $@14 lista_comands . T_END
   50 lista_comands: lista_comands . PONTO_E_VIRGULA comandos

    PONTO_E_VIRGULA  deslocar, e ir ao estado 88
    T_END            deslocar, e ir ao estado 89


Estado 67

   51 lista_comands: comandos .

    $padrão  reduzir usando a regra 51 (lista_comands)


Estado 68

   52 comandos: comando_srotulo .

    $padrão  reduzir usando a regra 52 (comandos)


Estado 69

   53 comando_srotulo: leitura_identificadores .

    $padrão  reduzir usando a regra 53 (comando_srotulo)


Estado 70

   55 comando_srotulo: comando_repeticao .

    $padrão  reduzir usando a regra 55 (comando_srotulo)


Estado 71

   56 comando_srotulo: leitura_escrita .

    $padrão  reduzir usando a regra 56 (comando_srotulo)


Estado 72

  125 condicional_if: pre_if .
  127               | pre_if . ELSE $@28 comando_srotulo

    ELSE  deslocar, e ir ao estado 90

    $padrão  reduzir usando a regra 125 (condicional_if)


Estado 73

   57 comando_srotulo: condicional_if .

    $padrão  reduzir usando a regra 57 (comando_srotulo)


Estado 74

   15 declara_var: lista_id_var DOIS_PONTOS tipo $@7 . PONTO_E_VIRGULA

    PONTO_E_VIRGULA  deslocar, e ir ao estado 91


Estado 75

   32 parametros_formais: ABRE_PARENTESES declara_param_formais_list . FECHA_PARENTESES
   35 declara_param_formais_list: declara_param_formais_list . VIRGULA $@9 declara_param_formais
   37                           | declara_param_formais_list . PONTO_E_VIRGULA $@10 declara_param_formais

    FECHA_PARENTESES  deslocar, e ir ao estado 92
    VIRGULA           deslocar, e ir ao estado 93
    PONTO_E_VIRGULA   deslocar, e ir ao estado 94


Estado 76

   39 declara_param_formais_list: $@11 . declara_param_formais

    VAR    deslocar, e ir ao estado 30
    IDENT  deslocar, e ir ao estado 31

    lista_id_var           ir ao estado 95
    variaveis              ir ao estado 34
    declara_param_formais  ir ao estado 96


Estado 77

   42 dec_proced_pos: bloco $@12 . PONTO_E_VIRGULA

    PONTO_E_VIRGULA  deslocar, e ir ao estado 97


Estado 78

   44 dec_func: FUNCTION dec_proced_pre DOIS_PONTOS def_tipo_func PONTO_E_VIRGULA . $@13 dec_proced_pos

    $padrão  reduzir usando a regra 43 ($@13)

    $@13  ir ao estado 98


Estado 79

   59 leitura_identificadores: IDENT $@15 . atribuicao_execucao

    ABRE_PARENTESES  deslocar, e ir ao estado 99
    ATRIBUICAO       deslocar, e ir ao estado 100

    $padrão  reduzir usando a regra 108 (leitura_vars_procedimento)

    atribuicao_execucao        ir ao estado 101
    executa                    ir ao estado 102
    atribuicao_simples         ir ao estado 103
    leitura_vars_procedimento  ir ao estado 104


Estado 80

  124 pre_if: IF expressao . $@27 THEN comando_srotulo

    $padrão  reduzir usando a regra 123 ($@27)

    $@27  ir ao estado 105


Estado 81

   68 expressao: operacao . MAIOR operacao
   69          | operacao . MAIOR_IGUAL operacao
   70          | operacao . MENOR operacao
   71          | operacao . MENOR_IGUAL operacao
   72          | operacao . IGUAL operacao
   73          | operacao . DIFERENTE operacao
   74          | operacao .
   75 operacao: operacao . SOMA termo
   76         | operacao . SUBTRACAO termo
   77         | operacao . OR termo

    MAIOR        deslocar, e ir ao estado 106
    MAIOR_IGUAL  deslocar, e ir ao estado 107
    MENOR        deslocar, e ir ao estado 108
    MENOR_IGUAL  deslocar, e ir ao estado 109
    IGUAL        deslocar, e ir ao estado 110
    DIFERENTE    deslocar, e ir ao estado 111
    SOMA         deslocar, e ir ao estado 112
    SUBTRACAO    deslocar, e ir ao estado 113
    OR           deslocar, e ir ao estado 114

    $padrão  reduzir usando a regra 74 (expressao)


Estado 82

   78 operacao: termo .
   79 termo: termo . MULTIPLICACAO pre_fator
   80      | termo . DIVISAO pre_fator
   81      | termo . AND pre_fator

    MULTIPLICACAO  deslocar, e ir ao estado 115
    DIVISAO        deslocar, e ir ao estado 116
    AND            deslocar, e ir ao estado 117

    $padrão  reduzir usando a regra 78 (operacao)


Estado 83

   82 termo: pre_fator .

    $padrão  reduzir usando a regra 82 (termo)


Estado 84

   84 pre_fator: $@17 . fator

    ABRE_PARENTESES  deslocar, e ir ao estado 118
    IDENT            deslocar, e ir ao estado 119
    NUMBER           deslocar, e ir ao estado 120
    TRUE             deslocar, e ir ao estado 121
    FALSE            deslocar, e ir ao estado 122

    fator              ir ao estado 123
    leitura_variaveis  ir ao estado 124


Estado 85

  111 comando_repeticao: WHILE $@24 . expressao $@25 DO comando_srotulo

    $padrão  reduzir usando a regra 83 ($@17)

    expressao  ir ao estado 125
    operacao   ir ao estado 81
    termo      ir ao estado 82
    pre_fator  ir ao estado 83
    $@17       ir ao estado 84


Estado 86

  112 leitura_escrita: READ ABRE_PARENTESES . lista_parametros_leitura FECHA_PARENTESES

    IDENT  deslocar, e ir ao estado 126

    lista_parametros_leitura  ir ao estado 127
    leitor_parametros         ir ao estado 128


Estado 87

  113 leitura_escrita: WRITE ABRE_PARENTESES . lista_parametros_escrita FECHA_PARENTESES

    IDENT   deslocar, e ir ao estado 129
    NUMBER  deslocar, e ir ao estado 130

    lista_parametros_escrita  ir ao estado 131
    escritor_parametros       ir ao estado 132
    leitor_variaveis_escrita  ir ao estado 133


Estado 88

   50 lista_comands: lista_comands PONTO_E_VIRGULA . comandos

    T_BEGIN  deslocar, e ir ao estado 38
    IDENT    deslocar, e ir ao estado 60
    IF       deslocar, e ir ao estado 61
    WHILE    deslocar, e ir ao estado 62
    READ     deslocar, e ir ao estado 63
    WRITE    deslocar, e ir ao estado 64

    $padrão  reduzir usando a regra 49 (comando_composto)

    comando_composto         ir ao estado 65
    comandos                 ir ao estado 134
    comando_srotulo          ir ao estado 68
    leitura_identificadores  ir ao estado 69
    comando_repeticao        ir ao estado 70
    leitura_escrita          ir ao estado 71
    pre_if                   ir ao estado 72
    condicional_if           ir ao estado 73


Estado 89

   48 comando_composto: T_BEGIN $@14 lista_comands T_END .

    $padrão  reduzir usando a regra 48 (comando_composto)


Estado 90

  127 condicional_if: pre_if ELSE . $@28 comando_srotulo

    $padrão  reduzir usando a regra 126 ($@28)

    $@28  ir ao estado 135


Estado 91

   15 declara_var: lista_id_var DOIS_PONTOS tipo $@7 PONTO_E_VIRGULA .

    $padrão  reduzir usando a regra 15 (declara_var)


Estado 92

   32 parametros_formais: ABRE_PARENTESES declara_param_formais_list FECHA_PARENTESES .

    $padrão  reduzir usando a regra 32 (parametros_formais)


Estado 93

   35 declara_param_formais_list: declara_param_formais_list VIRGULA . $@9 declara_param_formais

    $padrão  reduzir usando a regra 34 ($@9)

    $@9  ir ao estado 136


Estado 94

   37 declara_param_formais_list: declara_param_formais_list PONTO_E_VIRGULA . $@10 declara_param_formais

    $padrão  reduzir usando a regra 36 ($@10)

    $@10  ir ao estado 137


Estado 95

   18 lista_id_var: lista_id_var . VIRGULA variaveis
   40 declara_param_formais: lista_id_var . DOIS_PONTOS tipo

    VIRGULA      deslocar, e ir ao estado 43
    DOIS_PONTOS  deslocar, e ir ao estado 138


Estado 96

   39 declara_param_formais_list: $@11 declara_param_formais .

    $padrão  reduzir usando a regra 39 (declara_param_formais_list)


Estado 97

   42 dec_proced_pos: bloco $@12 PONTO_E_VIRGULA .

    $padrão  reduzir usando a regra 42 (dec_proced_pos)


Estado 98

   44 dec_func: FUNCTION dec_proced_pre DOIS_PONTOS def_tipo_func PONTO_E_VIRGULA $@13 . dec_proced_pos

    VAR  deslocar, e ir ao estado 14

    $padrão  reduzir usando a regra 9 (var)

    bloco               ir ao estado 55
    parte_declara_vars  ir ao estado 16
    var                 ir ao estado 17
    dec_proced_pos      ir ao estado 139


Estado 99

  105 leitura_vars_procedimento: ABRE_PARENTESES . FECHA_COLCHETES
  107                          | ABRE_PARENTESES . $@23 params_procedimento FECHA_PARENTESES

    FECHA_COLCHETES  deslocar, e ir ao estado 140

    $padrão  reduzir usando a regra 106 ($@23)

    $@23  ir ao estado 141


Estado 100

   63 atribuicao_simples: ATRIBUICAO . expressao

    $padrão  reduzir usando a regra 83 ($@17)

    expressao  ir ao estado 142
    operacao   ir ao estado 81
    termo      ir ao estado 82
    pre_fator  ir ao estado 83
    $@17       ir ao estado 84


Estado 101

   59 leitura_identificadores: IDENT $@15 atribuicao_execucao .

    $padrão  reduzir usando a regra 59 (leitura_identificadores)


Estado 102

   61 atribuicao_execucao: executa .

    $padrão  reduzir usando a regra 61 (atribuicao_execucao)


Estado 103

   60 atribuicao_execucao: atribuicao_simples .

    $padrão  reduzir usando a regra 60 (atribuicao_execucao)


Estado 104

   62 executa: leitura_vars_procedimento .

    $padrão  reduzir usando a regra 62 (executa)


Estado 105

  124 pre_if: IF expressao $@27 . THEN comando_srotulo

    THEN  deslocar, e ir ao estado 143


Estado 106

   68 expressao: operacao MAIOR . operacao

    $padrão  reduzir usando a regra 83 ($@17)

    operacao   ir ao estado 144
    termo      ir ao estado 82
    pre_fator  ir ao estado 83
    $@17       ir ao estado 84


Estado 107

   69 expressao: operacao MAIOR_IGUAL . operacao

    $padrão  reduzir usando a regra 83 ($@17)

    operacao   ir ao estado 145
    termo      ir ao estado 82
    pre_fator  ir ao estado 83
    $@17       ir ao estado 84


Estado 108

   70 expressao: operacao MENOR . operacao

    $padrão  reduzir usando a regra 83 ($@17)

    operacao   ir ao estado 146
    termo      ir ao estado 82
    pre_fator  ir ao estado 83
    $@17       ir ao estado 84


Estado 109

   71 expressao: operacao MENOR_IGUAL . operacao

    $padrão  reduzir usando a regra 83 ($@17)

    operacao   ir ao estado 147
    termo      ir ao estado 82
    pre_fator  ir ao estado 83
    $@17       ir ao estado 84


Estado 110

   72 expressao: operacao IGUAL . operacao

    $padrão  reduzir usando a regra 83 ($@17)

    operacao   ir ao estado 148
    termo      ir ao estado 82
    pre_fator  ir ao estado 83
    $@17       ir ao estado 84


Estado 111

   73 expressao: operacao DIFERENTE . operacao

    $padrão  reduzir usando a regra 83 ($@17)

    operacao   ir ao estado 149
    termo      ir ao estado 82
    pre_fator  ir ao estado 83
    $@17       ir ao estado 84


Estado 112

   75 operacao: operacao SOMA . termo

    $padrão  reduzir usando a regra 83 ($@17)

    termo      ir ao estado 150
    pre_fator  ir ao estado 83
    $@17       ir ao estado 84


Estado 113

   76 operacao: operacao SUBTRACAO . termo

    $padrão  reduzir usando a regra 83 ($@17)

    termo      ir ao estado 151
    pre_fator  ir ao estado 83
    $@17       ir ao estado 84


Estado 114

   77 operacao: operacao OR . termo

    $padrão  reduzir usando a regra 83 ($@17)

    termo      ir ao estado 152
    pre_fator  ir ao estado 83
    $@17       ir ao estado 84


Estado 115

   79 termo: termo MULTIPLICACAO . pre_fator

    $padrão  reduzir usando a regra 83 ($@17)

    pre_fator  ir ao estado 153
    $@17       ir ao estado 84


Estado 116

   80 termo: termo DIVISAO . pre_fator

    $padrão  reduzir usando a regra 83 ($@17)

    pre_fator  ir ao estado 154
    $@17       ir ao estado 84


Estado 117

   81 termo: termo AND . pre_fator

    $padrão  reduzir usando a regra 83 ($@17)

    pre_fator  ir ao estado 155
    $@17       ir ao estado 84


Estado 118

   89 fator: ABRE_PARENTESES . expressao FECHA_PARENTESES

    $padrão  reduzir usando a regra 83 ($@17)

    expressao  ir ao estado 156
    operacao   ir ao estado 81
    termo      ir ao estado 82
    pre_fator  ir ao estado 83
    $@17       ir ao estado 84


Estado 119

   91 leitura_variaveis: IDENT . $@18 eh_funcao

    $padrão  reduzir usando a regra 90 ($@18)

    $@18  ir ao estado 157


Estado 120

   86 fator: NUMBER .

    $padrão  reduzir usando a regra 86 (fator)


Estado 121

   87 fator: TRUE .

    $padrão  reduzir usando a regra 87 (fator)


Estado 122

   88 fator: FALSE .

    $padrão  reduzir usando a regra 88 (fator)


Estado 123

   84 pre_fator: $@17 fator .

    $padrão  reduzir usando a regra 84 (pre_fator)


Estado 124

   85 fator: leitura_variaveis .

    $padrão  reduzir usando a regra 85 (fator)


Estado 125

  111 comando_repeticao: WHILE $@24 expressao . $@25 DO comando_srotulo

    $padrão  reduzir usando a regra 110 ($@25)

    $@25  ir ao estado 158


Estado 126

  116 leitor_parametros: IDENT .

    $padrão  reduzir usando a regra 116 (leitor_parametros)


Estado 127

  112 leitura_escrita: READ ABRE_PARENTESES lista_parametros_leitura . FECHA_PARENTESES
  114 lista_parametros_leitura: lista_parametros_leitura . VIRGULA leitor_parametros

    FECHA_PARENTESES  deslocar, e ir ao estado 159
    VIRGULA           deslocar, e ir ao estado 160


Estado 128

  115 lista_parametros_leitura: leitor_parametros .

    $padrão  reduzir usando a regra 115 (lista_parametros_leitura)


Estado 129

  122 leitor_variaveis_escrita: IDENT . $@26 eh_funcao

    $padrão  reduzir usando a regra 121 ($@26)

    $@26  ir ao estado 161


Estado 130

  120 escritor_parametros: NUMBER .

    $padrão  reduzir usando a regra 120 (escritor_parametros)


Estado 131

  113 leitura_escrita: WRITE ABRE_PARENTESES lista_parametros_escrita . FECHA_PARENTESES
  117 lista_parametros_escrita: lista_parametros_escrita . VIRGULA escritor_parametros

    FECHA_PARENTESES  deslocar, e ir ao estado 162
    VIRGULA           deslocar, e ir ao estado 163


Estado 132

  118 lista_parametros_escrita: escritor_parametros .

    $padrão  reduzir usando a regra 118 (lista_parametros_escrita)


Estado 133

  119 escritor_parametros: leitor_variaveis_escrita .

    $padrão  reduzir usando a regra 119 (escritor_parametros)


Estado 134

   50 lista_comands: lista_comands PONTO_E_VIRGULA comandos .

    $padrão  reduzir usando a regra 50 (lista_comands)


Estado 135

  127 condicional_if: pre_if ELSE $@28 . comando_srotulo

    T_BEGIN  deslocar, e ir ao estado 38
    IDENT    deslocar, e ir ao estado 60
    IF       deslocar, e ir ao estado 61
    WHILE    deslocar, e ir ao estado 62
    READ     deslocar, e ir ao estado 63
    WRITE    deslocar, e ir ao estado 64

    $padrão  reduzir usando a regra 49 (comando_composto)

    comando_composto         ir ao estado 65
    comando_srotulo          ir ao estado 164
    leitura_identificadores  ir ao estado 69
    comando_repeticao        ir ao estado 70
    leitura_escrita          ir ao estado 71
    pre_if                   ir ao estado 72
    condicional_if           ir ao estado 73


Estado 136

   35 declara_param_formais_list: declara_param_formais_list VIRGULA $@9 . declara_param_formais

    VAR    deslocar, e ir ao estado 30
    IDENT  deslocar, e ir ao estado 31

    lista_id_var           ir ao estado 95
    variaveis              ir ao estado 34
    declara_param_formais  ir ao estado 165


Estado 137

   37 declara_param_formais_list: declara_param_formais_list PONTO_E_VIRGULA $@10 . declara_param_formais

    VAR    deslocar, e ir ao estado 30
    IDENT  deslocar, e ir ao estado 31

    lista_id_var           ir ao estado 95
    variaveis              ir ao estado 34
    declara_param_formais  ir ao estado 166


Estado 138

   40 declara_param_formais: lista_id_var DOIS_PONTOS . tipo

    INTEGER  deslocar, e ir ao estado 50
    BOOLEAN  deslocar, e ir ao estado 51

    tipo  ir ao estado 167


Estado 139

   44 dec_func: FUNCTION dec_proced_pre DOIS_PONTOS def_tipo_func PONTO_E_VIRGULA $@13 dec_proced_pos .

    $padrão  reduzir usando a regra 44 (dec_func)


Estado 140

  105 leitura_vars_procedimento: ABRE_PARENTESES FECHA_COLCHETES .

    $padrão  reduzir usando a regra 105 (leitura_vars_procedimento)


Estado 141

  107 leitura_vars_procedimento: ABRE_PARENTESES $@23 . params_procedimento FECHA_PARENTESES

    $padrão  reduzir usando a regra 66 ($@16)

    params_procedimento  ir ao estado 168
    testagem             ir ao estado 169
    $@16                 ir ao estado 170


Estado 142

   63 atribuicao_simples: ATRIBUICAO expressao .

    $padrão  reduzir usando a regra 63 (atribuicao_simples)


Estado 143

  124 pre_if: IF expressao $@27 THEN . comando_srotulo

    T_BEGIN  deslocar, e ir ao estado 38
    IDENT    deslocar, e ir ao estado 60
    IF       deslocar, e ir ao estado 61
    WHILE    deslocar, e ir ao estado 62
    READ     deslocar, e ir ao estado 63
    WRITE    deslocar, e ir ao estado 64

    $padrão  reduzir usando a regra 49 (comando_composto)

    comando_composto         ir ao estado 65
    comando_srotulo          ir ao estado 171
    leitura_identificadores  ir ao estado 69
    comando_repeticao        ir ao estado 70
    leitura_escrita          ir ao estado 71
    pre_if                   ir ao estado 72
    condicional_if           ir ao estado 73


Estado 144

   68 expressao: operacao MAIOR operacao .
   75 operacao: operacao . SOMA termo
   76         | operacao . SUBTRACAO termo
   77         | operacao . OR termo

    SOMA       deslocar, e ir ao estado 112
    SUBTRACAO  deslocar, e ir ao estado 113
    OR         deslocar, e ir ao estado 114

    $padrão  reduzir usando a regra 68 (expressao)


Estado 145

   69 expressao: operacao MAIOR_IGUAL operacao .
   75 operacao: operacao . SOMA termo
   76         | operacao . SUBTRACAO termo
   77         | operacao . OR termo

    SOMA       deslocar, e ir ao estado 112
    SUBTRACAO  deslocar, e ir ao estado 113
    OR         deslocar, e ir ao estado 114

    $padrão  reduzir usando a regra 69 (expressao)


Estado 146

   70 expressao: operacao MENOR operacao .
   75 operacao: operacao . SOMA termo
   76         | operacao . SUBTRACAO termo
   77         | operacao . OR termo

    SOMA       deslocar, e ir ao estado 112
    SUBTRACAO  deslocar, e ir ao estado 113
    OR         deslocar, e ir ao estado 114

    $padrão  reduzir usando a regra 70 (expressao)


Estado 147

   71 expressao: operacao MENOR_IGUAL operacao .
   75 operacao: operacao . SOMA termo
   76         | operacao . SUBTRACAO termo
   77         | operacao . OR termo

    SOMA       deslocar, e ir ao estado 112
    SUBTRACAO  deslocar, e ir ao estado 113
    OR         deslocar, e ir ao estado 114

    $padrão  reduzir usando a regra 71 (expressao)


Estado 148

   72 expressao: operacao IGUAL operacao .
   75 operacao: operacao . SOMA termo
   76         | operacao . SUBTRACAO termo
   77         | operacao . OR termo

    SOMA       deslocar, e ir ao estado 112
    SUBTRACAO  deslocar, e ir ao estado 113
    OR         deslocar, e ir ao estado 114

    $padrão  reduzir usando a regra 72 (expressao)


Estado 149

   73 expressao: operacao DIFERENTE operacao .
   75 operacao: operacao . SOMA termo
   76         | operacao . SUBTRACAO termo
   77         | operacao . OR termo

    SOMA       deslocar, e ir ao estado 112
    SUBTRACAO  deslocar, e ir ao estado 113
    OR         deslocar, e ir ao estado 114

    $padrão  reduzir usando a regra 73 (expressao)


Estado 150

   75 operacao: operacao SOMA termo .
   79 termo: termo . MULTIPLICACAO pre_fator
   80      | termo . DIVISAO pre_fator
   81      | termo . AND pre_fator

    MULTIPLICACAO  deslocar, e ir ao estado 115
    DIVISAO        deslocar, e ir ao estado 116
    AND            deslocar, e ir ao estado 117

    $padrão  reduzir usando a regra 75 (operacao)


Estado 151

   76 operacao: operacao SUBTRACAO termo .
   79 termo: termo . MULTIPLICACAO pre_fator
   80      | termo . DIVISAO pre_fator
   81      | termo . AND pre_fator

    MULTIPLICACAO  deslocar, e ir ao estado 115
    DIVISAO        deslocar, e ir ao estado 116
    AND            deslocar, e ir ao estado 117

    $padrão  reduzir usando a regra 76 (operacao)


Estado 152

   77 operacao: operacao OR termo .
   79 termo: termo . MULTIPLICACAO pre_fator
   80      | termo . DIVISAO pre_fator
   81      | termo . AND pre_fator

    MULTIPLICACAO  deslocar, e ir ao estado 115
    DIVISAO        deslocar, e ir ao estado 116
    AND            deslocar, e ir ao estado 117

    $padrão  reduzir usando a regra 77 (operacao)


Estado 153

   79 termo: termo MULTIPLICACAO pre_fator .

    $padrão  reduzir usando a regra 79 (termo)


Estado 154

   80 termo: termo DIVISAO pre_fator .

    $padrão  reduzir usando a regra 80 (termo)


Estado 155

   81 termo: termo AND pre_fator .

    $padrão  reduzir usando a regra 81 (termo)


Estado 156

   89 fator: ABRE_PARENTESES expressao . FECHA_PARENTESES

    FECHA_PARENTESES  deslocar, e ir ao estado 172


Estado 157

   91 leitura_variaveis: IDENT $@18 . eh_funcao

    ABRE_PARENTESES  deslocar, e ir ao estado 173

    $padrão  reduzir usando a regra 94 (eh_funcao)

    eh_funcao  ir ao estado 174


Estado 158

  111 comando_repeticao: WHILE $@24 expressao $@25 . DO comando_srotulo

    DO  deslocar, e ir ao estado 175


Estado 159

  112 leitura_escrita: READ ABRE_PARENTESES lista_parametros_leitura FECHA_PARENTESES .

    $padrão  reduzir usando a regra 112 (leitura_escrita)


Estado 160

  114 lista_parametros_leitura: lista_parametros_leitura VIRGULA . leitor_parametros

    IDENT  deslocar, e ir ao estado 126

    leitor_parametros  ir ao estado 176


Estado 161

  122 leitor_variaveis_escrita: IDENT $@26 . eh_funcao

    ABRE_PARENTESES  deslocar, e ir ao estado 173

    $padrão  reduzir usando a regra 94 (eh_funcao)

    eh_funcao  ir ao estado 177


Estado 162

  113 leitura_escrita: WRITE ABRE_PARENTESES lista_parametros_escrita FECHA_PARENTESES .

    $padrão  reduzir usando a regra 113 (leitura_escrita)


Estado 163

  117 lista_parametros_escrita: lista_parametros_escrita VIRGULA . escritor_parametros

    IDENT   deslocar, e ir ao estado 129
    NUMBER  deslocar, e ir ao estado 130

    escritor_parametros       ir ao estado 178
    leitor_variaveis_escrita  ir ao estado 133


Estado 164

  127 condicional_if: pre_if ELSE $@28 comando_srotulo .

    $padrão  reduzir usando a regra 127 (condicional_if)


Estado 165

   35 declara_param_formais_list: declara_param_formais_list VIRGULA $@9 declara_param_formais .

    $padrão  reduzir usando a regra 35 (declara_param_formais_list)


Estado 166

   37 declara_param_formais_list: declara_param_formais_list PONTO_E_VIRGULA $@10 declara_param_formais .

    $padrão  reduzir usando a regra 37 (declara_param_formais_list)


Estado 167

   40 declara_param_formais: lista_id_var DOIS_PONTOS tipo .

    $padrão  reduzir usando a regra 40 (declara_param_formais)


Estado 168

   64 params_procedimento: params_procedimento . VIRGULA testagem
  107 leitura_vars_procedimento: ABRE_PARENTESES $@23 params_procedimento . FECHA_PARENTESES

    FECHA_PARENTESES  deslocar, e ir ao estado 179
    VIRGULA           deslocar, e ir ao estado 180


Estado 169

   65 params_procedimento: testagem .

    $padrão  reduzir usando a regra 65 (params_procedimento)


Estado 170

   67 testagem: $@16 . expressao

    $padrão  reduzir usando a regra 83 ($@17)

    expressao  ir ao estado 181
    operacao   ir ao estado 81
    termo      ir ao estado 82
    pre_fator  ir ao estado 83
    $@17       ir ao estado 84


Estado 171

  124 pre_if: IF expressao $@27 THEN comando_srotulo .

    $padrão  reduzir usando a regra 124 (pre_if)


Estado 172

   89 fator: ABRE_PARENTESES expressao FECHA_PARENTESES .

    $padrão  reduzir usando a regra 89 (fator)


Estado 173

   93 eh_funcao: ABRE_PARENTESES . $@19 declara_func

    $padrão  reduzir usando a regra 92 ($@19)

    $@19  ir ao estado 182


Estado 174

   91 leitura_variaveis: IDENT $@18 eh_funcao .

    $padrão  reduzir usando a regra 91 (leitura_variaveis)


Estado 175

  111 comando_repeticao: WHILE $@24 expressao $@25 DO . comando_srotulo

    T_BEGIN  deslocar, e ir ao estado 38
    IDENT    deslocar, e ir ao estado 60
    IF       deslocar, e ir ao estado 61
    WHILE    deslocar, e ir ao estado 62
    READ     deslocar, e ir ao estado 63
    WRITE    deslocar, e ir ao estado 64

    $padrão  reduzir usando a regra 49 (comando_composto)

    comando_composto         ir ao estado 65
    comando_srotulo          ir ao estado 183
    leitura_identificadores  ir ao estado 69
    comando_repeticao        ir ao estado 70
    leitura_escrita          ir ao estado 71
    pre_if                   ir ao estado 72
    condicional_if           ir ao estado 73


Estado 176

  114 lista_parametros_leitura: lista_parametros_leitura VIRGULA leitor_parametros .

    $padrão  reduzir usando a regra 114 (lista_parametros_leitura)


Estado 177

  122 leitor_variaveis_escrita: IDENT $@26 eh_funcao .

    $padrão  reduzir usando a regra 122 (leitor_variaveis_escrita)


Estado 178

  117 lista_parametros_escrita: lista_parametros_escrita VIRGULA escritor_parametros .

    $padrão  reduzir usando a regra 117 (lista_parametros_escrita)


Estado 179

  107 leitura_vars_procedimento: ABRE_PARENTESES $@23 params_procedimento FECHA_PARENTESES .

    $padrão  reduzir usando a regra 107 (leitura_vars_procedimento)


Estado 180

   64 params_procedimento: params_procedimento VIRGULA . testagem

    $padrão  reduzir usando a regra 66 ($@16)

    testagem  ir ao estado 184
    $@16      ir ao estado 170


Estado 181

   67 testagem: $@16 expressao .

    $padrão  reduzir usando a regra 67 (testagem)


Estado 182

   93 eh_funcao: ABRE_PARENTESES $@19 . declara_func

    FECHA_PARENTESES  deslocar, e ir ao estado 185

    $padrão  reduzir usando a regra 97 ($@20)

    declara_func           ir ao estado 186
    declara_params_funcao  ir ao estado 187
    $@20                   ir ao estado 188


Estado 183

  111 comando_repeticao: WHILE $@24 expressao $@25 DO comando_srotulo .

    $padrão  reduzir usando a regra 111 (comando_repeticao)


Estado 184

   64 params_procedimento: params_procedimento VIRGULA testagem .

    $padrão  reduzir usando a regra 64 (params_procedimento)


Estado 185

   95 declara_func: FECHA_PARENTESES .

    $padrão  reduzir usando a regra 95 (declara_func)


Estado 186

   93 eh_funcao: ABRE_PARENTESES $@19 declara_func .

    $padrão  reduzir usando a regra 93 (eh_funcao)


Estado 187

   96 declara_func: declara_params_funcao . FECHA_PARENTESES

    FECHA_PARENTESES  deslocar, e ir ao estado 189


Estado 188

   98 declara_params_funcao: $@20 . leitura_vars_funcao

    $padrão  reduzir usando a regra 99 ($@21)

    leitura_vars_funcao  ir ao estado 190
    $@21                 ir ao estado 191


Estado 189

   96 declara_func: declara_params_funcao FECHA_PARENTESES .

    $padrão  reduzir usando a regra 96 (declara_func)


Estado 190

   98 declara_params_funcao: $@20 leitura_vars_funcao .

    $padrão  reduzir usando a regra 98 (declara_params_funcao)


Estado 191

  100 leitura_vars_funcao: $@21 . parametros_da_funcao

    $padrão  reduzir usando a regra 103 ($@22)

    parametros_da_funcao  ir ao estado 192
    parametro_da_funcao   ir ao estado 193
    $@22                  ir ao estado 194


Estado 192

  100 leitura_vars_funcao: $@21 parametros_da_funcao .
  101 parametros_da_funcao: parametros_da_funcao . VIRGULA parametro_da_funcao

    VIRGULA  deslocar, e ir ao estado 195

    $padrão  reduzir usando a regra 100 (leitura_vars_funcao)


Estado 193

  102 parametros_da_funcao: parametro_da_funcao .

    $padrão  reduzir usando a regra 102 (parametros_da_funcao)


Estado 194

  104 parametro_da_funcao: $@22 . expressao

    $padrão  reduzir usando a regra 83 ($@17)

    expressao  ir ao estado 196
    operacao   ir ao estado 81
    termo      ir ao estado 82
    pre_fator  ir ao estado 83
    $@17       ir ao estado 84


Estado 195

  101 parametros_da_funcao: parametros_da_funcao VIRGULA . parametro_da_funcao

    $padrão  reduzir usando a regra 103 ($@22)

    parametro_da_funcao  ir ao estado 197
    $@22                 ir ao estado 194


Estado 196

  104 parametro_da_funcao: $@22 expressao .

    $padrão  reduzir usando a regra 104 (parametro_da_funcao)


Estado 197

  101 parametros_da_funcao: parametros_da_funcao VIRGULA parametro_da_funcao .

    $padrão  reduzir usando a regra 101 (parametros_da_funcao)
